c:\users\anshu\source\repos\marketdataanalysisnew\marketdataanalysisnew\debug\vc141.pdb
c:\users\anshu\source\repos\marketdataanalysisnew\marketdataanalysisnew\debug\vc141.idb
c:\users\anshu\source\repos\marketdataanalysisnew\marketdataanalysisnew\debug\orderfilter.obj
c:\users\anshu\source\repos\marketdataanalysisnew\marketdataanalysisnew\debug\exchangecontext.obj
c:\users\anshu\source\repos\marketdataanalysisnew\marketdataanalysisnew\debug\changeorder.obj
c:\users\anshu\source\repos\marketdataanalysisnew\marketdataanalysisnew\debug\cancelorder.obj
c:\users\anshu\source\repos\marketdataanalysisnew\marketdataanalysisnew\debug\buysellorder.obj
c:\users\anshu\source\repos\marketdataanalysisnew\marketdataanalysisnew\debug\main.obj
c:\users\anshu\documents\github\project\marketdataanalysis\marketdataanalysisnew\debug\vc141.pdb
c:\users\anshu\documents\github\project\marketdataanalysis\marketdataanalysisnew\debug\vc141.idb
c:\users\anshu\documents\github\project\marketdataanalysis\marketdataanalysisnew\debug\orderfilter.obj
c:\users\anshu\documents\github\project\marketdataanalysis\marketdataanalysisnew\debug\main.obj
c:\users\anshu\documents\github\project\marketdataanalysis\marketdataanalysisnew\debug\exchangecontext.obj
c:\users\anshu\documents\github\project\marketdataanalysis\marketdataanalysisnew\debug\changeorder.obj
c:\users\anshu\documents\github\project\marketdataanalysis\marketdataanalysisnew\debug\cancelorder.obj
c:\users\anshu\documents\github\project\marketdataanalysis\marketdataanalysisnew\debug\buysellorder.obj
c:\users\anshu\source\repos\marketdataanalysisnew\debug\marketdataanalysisnew.exe
c:\users\anshu\source\repos\marketdataanalysisnew\debug\marketdataanalysisnew.ilk
c:\users\anshu\source\repos\marketdataanalysisnew\debug\marketdataanalysisnew.pdb
c:\users\anshu\documents\github\project\marketdataanalysis\debug\marketdataanalysisnew.exe
c:\users\anshu\documents\github\project\marketdataanalysis\debug\marketdataanalysisnew.ilk
c:\users\anshu\documents\github\project\marketdataanalysis\debug\marketdataanalysisnew.pdb
c:\users\anshu\documents\github\project\marketdataanalysis\marketdataanalysisnew\debug\main.obj.enc
c:\users\anshu\documents\github\project\marketdataanalysis\marketdataanalysisnew\debug\marketda.113bd03f.tlog\cl.command.1.tlog
c:\users\anshu\documents\github\project\marketdataanalysis\marketdataanalysisnew\debug\marketda.113bd03f.tlog\cl.read.1.tlog
c:\users\anshu\documents\github\project\marketdataanalysis\marketdataanalysisnew\debug\marketda.113bd03f.tlog\cl.write.1.tlog
c:\users\anshu\documents\github\project\marketdataanalysis\marketdataanalysisnew\debug\marketda.113bd03f.tlog\link.command.1.tlog
c:\users\anshu\documents\github\project\marketdataanalysis\marketdataanalysisnew\debug\marketda.113bd03f.tlog\link.read.1.tlog
c:\users\anshu\documents\github\project\marketdataanalysis\marketdataanalysisnew\debug\marketda.113bd03f.tlog\link.write.1.tlog
