  BuySellOrder.cpp
c:\program files (x86)\microsoft visual studio\2017\community\vc\tools\msvc\14.13.26128\include\unordered_map(132): error C2280: 'std::hash<_Kty>::hash(const std::hash<_Kty> &)': attempting to reference a deleted function
          with
          [
              _Kty=std::pair<uint64_t,uint64_t>
          ]
  c:\program files (x86)\microsoft visual studio\2017\community\vc\tools\msvc\14.13.26128\include\type_traits(2382): note: compiler has generated 'std::hash<_Kty>::hash' here
          with
          [
              _Kty=std::pair<uint64_t,uint64_t>
          ]
  c:\program files (x86)\microsoft visual studio\2017\community\vc\tools\msvc\14.13.26128\include\unordered_map(131): note: while compiling class template member function 'std::unordered_map<std::pair<uint64_t,uint64_t>,std::pair<std::shared_ptr<OrderSummary>,std::shared_ptr<std::map<uint64_t,IOrder *,std::less<_Kty>,std::allocator<std::pair<const _Kty,_Ty>>>>>,std::hash<std::pair<uint64_t,uint64_t>>,std::equal_to<std::pair<uint64_t,uint64_t>>,std::allocator<std::pair<const std::pair<uint64_t,uint64_t>,std::pair<std::shared_ptr<OrderSummary>,std::shared_ptr<std::map<_Kty,_Ty,std::less<_Kty>,std::allocator<std::pair<const _Kty,_Ty>>>>>>>>::unordered_map(void)'
          with
          [
              _Kty=uint64_t,
              _Ty=IOrder *
          ]
  c:\users\anshu\documents\github\project\marketdataanalysis\marketdataanalysis\exchangecontext.h(52): note: see reference to function template instantiation 'std::unordered_map<std::pair<uint64_t,uint64_t>,std::pair<std::shared_ptr<OrderSummary>,std::shared_ptr<std::map<uint64_t,IOrder *,std::less<_Kty>,std::allocator<std::pair<const _Kty,_Ty>>>>>,std::hash<std::pair<uint64_t,uint64_t>>,std::equal_to<std::pair<uint64_t,uint64_t>>,std::allocator<std::pair<const std::pair<uint64_t,uint64_t>,std::pair<std::shared_ptr<OrderSummary>,std::shared_ptr<std::map<_Kty,_Ty,std::less<_Kty>,std::allocator<std::pair<const _Kty,_Ty>>>>>>>>::unordered_map(void)' being compiled
          with
          [
              _Kty=uint64_t,
              _Ty=IOrder *
          ]
  c:\users\anshu\documents\github\project\marketdataanalysis\marketdataanalysis\exchangecontext.h(24): note: see reference to class template instantiation 'std::unordered_map<std::pair<uint64_t,uint64_t>,std::pair<std::shared_ptr<OrderSummary>,std::shared_ptr<std::map<uint64_t,IOrder *,std::less<_Kty>,std::allocator<std::pair<const _Kty,_Ty>>>>>,std::hash<std::pair<uint64_t,uint64_t>>,std::equal_to<std::pair<uint64_t,uint64_t>>,std::allocator<std::pair<const std::pair<uint64_t,uint64_t>,std::pair<std::shared_ptr<OrderSummary>,std::shared_ptr<std::map<_Kty,_Ty,std::less<_Kty>,std::allocator<std::pair<const _Kty,_Ty>>>>>>>>' being compiled
          with
          [
              _Kty=uint64_t,
              _Ty=IOrder *
          ]
  c:\program files (x86)\microsoft visual studio\2017\community\vc\tools\msvc\14.13.26128\include\type_traits(2382): note: 'std::hash<_Kty>::hash(const std::hash<_Kty> &)': function was implicitly deleted because a base class invokes a deleted or inaccessible function 'std::_Conditionally_enabled_hash<_Kty,false>::_Conditionally_enabled_hash(const std::_Conditionally_enabled_hash<_Kty,false> &)'
          with
          [
              _Kty=std::pair<uint64_t,uint64_t>
          ]
  c:\program files (x86)\microsoft visual studio\2017\community\vc\tools\msvc\14.13.26128\include\type_traits(2366): note: 'std::_Conditionally_enabled_hash<_Kty,false>::_Conditionally_enabled_hash(const std::_Conditionally_enabled_hash<_Kty,false> &)': function was explicitly deleted
          with
          [
              _Kty=std::pair<uint64_t,uint64_t>
          ]
  CancelOrder.cpp
c:\program files (x86)\microsoft visual studio\2017\community\vc\tools\msvc\14.13.26128\include\unordered_map(132): error C2280: 'std::hash<_Kty>::hash(const std::hash<_Kty> &)': attempting to reference a deleted function
          with
          [
              _Kty=std::pair<uint64_t,uint64_t>
          ]
  c:\program files (x86)\microsoft visual studio\2017\community\vc\tools\msvc\14.13.26128\include\type_traits(2382): note: compiler has generated 'std::hash<_Kty>::hash' here
          with
          [
              _Kty=std::pair<uint64_t,uint64_t>
          ]
  c:\program files (x86)\microsoft visual studio\2017\community\vc\tools\msvc\14.13.26128\include\unordered_map(131): note: while compiling class template member function 'std::unordered_map<std::pair<uint64_t,uint64_t>,std::pair<std::shared_ptr<OrderSummary>,std::shared_ptr<std::map<uint64_t,IOrder *,std::less<_Kty>,std::allocator<std::pair<const _Kty,_Ty>>>>>,std::hash<std::pair<uint64_t,uint64_t>>,std::equal_to<std::pair<uint64_t,uint64_t>>,std::allocator<std::pair<const std::pair<uint64_t,uint64_t>,std::pair<std::shared_ptr<OrderSummary>,std::shared_ptr<std::map<_Kty,_Ty,std::less<_Kty>,std::allocator<std::pair<const _Kty,_Ty>>>>>>>>::unordered_map(void)'
          with
          [
              _Kty=uint64_t,
              _Ty=IOrder *
          ]
  c:\users\anshu\documents\github\project\marketdataanalysis\marketdataanalysis\exchangecontext.h(52): note: see reference to function template instantiation 'std::unordered_map<std::pair<uint64_t,uint64_t>,std::pair<std::shared_ptr<OrderSummary>,std::shared_ptr<std::map<uint64_t,IOrder *,std::less<_Kty>,std::allocator<std::pair<const _Kty,_Ty>>>>>,std::hash<std::pair<uint64_t,uint64_t>>,std::equal_to<std::pair<uint64_t,uint64_t>>,std::allocator<std::pair<const std::pair<uint64_t,uint64_t>,std::pair<std::shared_ptr<OrderSummary>,std::shared_ptr<std::map<_Kty,_Ty,std::less<_Kty>,std::allocator<std::pair<const _Kty,_Ty>>>>>>>>::unordered_map(void)' being compiled
          with
          [
              _Kty=uint64_t,
              _Ty=IOrder *
          ]
  c:\users\anshu\documents\github\project\marketdataanalysis\marketdataanalysis\exchangecontext.h(24): note: see reference to class template instantiation 'std::unordered_map<std::pair<uint64_t,uint64_t>,std::pair<std::shared_ptr<OrderSummary>,std::shared_ptr<std::map<uint64_t,IOrder *,std::less<_Kty>,std::allocator<std::pair<const _Kty,_Ty>>>>>,std::hash<std::pair<uint64_t,uint64_t>>,std::equal_to<std::pair<uint64_t,uint64_t>>,std::allocator<std::pair<const std::pair<uint64_t,uint64_t>,std::pair<std::shared_ptr<OrderSummary>,std::shared_ptr<std::map<_Kty,_Ty,std::less<_Kty>,std::allocator<std::pair<const _Kty,_Ty>>>>>>>>' being compiled
          with
          [
              _Kty=uint64_t,
              _Ty=IOrder *
          ]
  c:\program files (x86)\microsoft visual studio\2017\community\vc\tools\msvc\14.13.26128\include\type_traits(2382): note: 'std::hash<_Kty>::hash(const std::hash<_Kty> &)': function was implicitly deleted because a base class invokes a deleted or inaccessible function 'std::_Conditionally_enabled_hash<_Kty,false>::_Conditionally_enabled_hash(const std::_Conditionally_enabled_hash<_Kty,false> &)'
          with
          [
              _Kty=std::pair<uint64_t,uint64_t>
          ]
  c:\program files (x86)\microsoft visual studio\2017\community\vc\tools\msvc\14.13.26128\include\type_traits(2366): note: 'std::_Conditionally_enabled_hash<_Kty,false>::_Conditionally_enabled_hash(const std::_Conditionally_enabled_hash<_Kty,false> &)': function was explicitly deleted
          with
          [
              _Kty=std::pair<uint64_t,uint64_t>
          ]
  ChangeOrder.cpp
c:\program files (x86)\microsoft visual studio\2017\community\vc\tools\msvc\14.13.26128\include\unordered_map(132): error C2280: 'std::hash<_Kty>::hash(const std::hash<_Kty> &)': attempting to reference a deleted function
          with
          [
              _Kty=std::pair<uint64_t,uint64_t>
          ]
  c:\program files (x86)\microsoft visual studio\2017\community\vc\tools\msvc\14.13.26128\include\type_traits(2382): note: compiler has generated 'std::hash<_Kty>::hash' here
          with
          [
              _Kty=std::pair<uint64_t,uint64_t>
          ]
  c:\program files (x86)\microsoft visual studio\2017\community\vc\tools\msvc\14.13.26128\include\unordered_map(131): note: while compiling class template member function 'std::unordered_map<std::pair<uint64_t,uint64_t>,std::pair<std::shared_ptr<OrderSummary>,std::shared_ptr<std::map<uint64_t,IOrder *,std::less<_Kty>,std::allocator<std::pair<const _Kty,_Ty>>>>>,std::hash<std::pair<uint64_t,uint64_t>>,std::equal_to<std::pair<uint64_t,uint64_t>>,std::allocator<std::pair<const std::pair<uint64_t,uint64_t>,std::pair<std::shared_ptr<OrderSummary>,std::shared_ptr<std::map<_Kty,_Ty,std::less<_Kty>,std::allocator<std::pair<const _Kty,_Ty>>>>>>>>::unordered_map(void)'
          with
          [
              _Kty=uint64_t,
              _Ty=IOrder *
          ]
  c:\users\anshu\documents\github\project\marketdataanalysis\marketdataanalysis\exchangecontext.h(52): note: see reference to function template instantiation 'std::unordered_map<std::pair<uint64_t,uint64_t>,std::pair<std::shared_ptr<OrderSummary>,std::shared_ptr<std::map<uint64_t,IOrder *,std::less<_Kty>,std::allocator<std::pair<const _Kty,_Ty>>>>>,std::hash<std::pair<uint64_t,uint64_t>>,std::equal_to<std::pair<uint64_t,uint64_t>>,std::allocator<std::pair<const std::pair<uint64_t,uint64_t>,std::pair<std::shared_ptr<OrderSummary>,std::shared_ptr<std::map<_Kty,_Ty,std::less<_Kty>,std::allocator<std::pair<const _Kty,_Ty>>>>>>>>::unordered_map(void)' being compiled
          with
          [
              _Kty=uint64_t,
              _Ty=IOrder *
          ]
  c:\users\anshu\documents\github\project\marketdataanalysis\marketdataanalysis\exchangecontext.h(24): note: see reference to class template instantiation 'std::unordered_map<std::pair<uint64_t,uint64_t>,std::pair<std::shared_ptr<OrderSummary>,std::shared_ptr<std::map<uint64_t,IOrder *,std::less<_Kty>,std::allocator<std::pair<const _Kty,_Ty>>>>>,std::hash<std::pair<uint64_t,uint64_t>>,std::equal_to<std::pair<uint64_t,uint64_t>>,std::allocator<std::pair<const std::pair<uint64_t,uint64_t>,std::pair<std::shared_ptr<OrderSummary>,std::shared_ptr<std::map<_Kty,_Ty,std::less<_Kty>,std::allocator<std::pair<const _Kty,_Ty>>>>>>>>' being compiled
          with
          [
              _Kty=uint64_t,
              _Ty=IOrder *
          ]
  c:\program files (x86)\microsoft visual studio\2017\community\vc\tools\msvc\14.13.26128\include\type_traits(2382): note: 'std::hash<_Kty>::hash(const std::hash<_Kty> &)': function was implicitly deleted because a base class invokes a deleted or inaccessible function 'std::_Conditionally_enabled_hash<_Kty,false>::_Conditionally_enabled_hash(const std::_Conditionally_enabled_hash<_Kty,false> &)'
          with
          [
              _Kty=std::pair<uint64_t,uint64_t>
          ]
  c:\program files (x86)\microsoft visual studio\2017\community\vc\tools\msvc\14.13.26128\include\type_traits(2366): note: 'std::_Conditionally_enabled_hash<_Kty,false>::_Conditionally_enabled_hash(const std::_Conditionally_enabled_hash<_Kty,false> &)': function was explicitly deleted
          with
          [
              _Kty=std::pair<uint64_t,uint64_t>
          ]
  MarketDataAnalysis.cpp
c:\program files (x86)\microsoft visual studio\2017\community\vc\tools\msvc\14.13.26128\include\unordered_map(132): error C2280: 'std::hash<_Kty>::hash(const std::hash<_Kty> &)': attempting to reference a deleted function
          with
          [
              _Kty=std::pair<uint64_t,uint64_t>
          ]
  c:\program files (x86)\microsoft visual studio\2017\community\vc\tools\msvc\14.13.26128\include\type_traits(2382): note: compiler has generated 'std::hash<_Kty>::hash' here
          with
          [
              _Kty=std::pair<uint64_t,uint64_t>
          ]
  c:\program files (x86)\microsoft visual studio\2017\community\vc\tools\msvc\14.13.26128\include\unordered_map(131): note: while compiling class template member function 'std::unordered_map<std::pair<uint64_t,uint64_t>,std::pair<std::shared_ptr<OrderSummary>,std::shared_ptr<std::map<uint64_t,IOrder *,std::less<_Kty>,std::allocator<std::pair<const _Kty,_Ty>>>>>,std::hash<std::pair<uint64_t,uint64_t>>,std::equal_to<std::pair<uint64_t,uint64_t>>,std::allocator<std::pair<const std::pair<uint64_t,uint64_t>,std::pair<std::shared_ptr<OrderSummary>,std::shared_ptr<std::map<_Kty,_Ty,std::less<_Kty>,std::allocator<std::pair<const _Kty,_Ty>>>>>>>>::unordered_map(void)'
          with
          [
              _Kty=uint64_t,
              _Ty=IOrder *
          ]
  c:\users\anshu\documents\github\project\marketdataanalysis\marketdataanalysis\exchangecontext.h(52): note: see reference to function template instantiation 'std::unordered_map<std::pair<uint64_t,uint64_t>,std::pair<std::shared_ptr<OrderSummary>,std::shared_ptr<std::map<uint64_t,IOrder *,std::less<_Kty>,std::allocator<std::pair<const _Kty,_Ty>>>>>,std::hash<std::pair<uint64_t,uint64_t>>,std::equal_to<std::pair<uint64_t,uint64_t>>,std::allocator<std::pair<const std::pair<uint64_t,uint64_t>,std::pair<std::shared_ptr<OrderSummary>,std::shared_ptr<std::map<_Kty,_Ty,std::less<_Kty>,std::allocator<std::pair<const _Kty,_Ty>>>>>>>>::unordered_map(void)' being compiled
          with
          [
              _Kty=uint64_t,
              _Ty=IOrder *
          ]
  c:\users\anshu\documents\github\project\marketdataanalysis\marketdataanalysis\exchangecontext.h(24): note: see reference to class template instantiation 'std::unordered_map<std::pair<uint64_t,uint64_t>,std::pair<std::shared_ptr<OrderSummary>,std::shared_ptr<std::map<uint64_t,IOrder *,std::less<_Kty>,std::allocator<std::pair<const _Kty,_Ty>>>>>,std::hash<std::pair<uint64_t,uint64_t>>,std::equal_to<std::pair<uint64_t,uint64_t>>,std::allocator<std::pair<const std::pair<uint64_t,uint64_t>,std::pair<std::shared_ptr<OrderSummary>,std::shared_ptr<std::map<_Kty,_Ty,std::less<_Kty>,std::allocator<std::pair<const _Kty,_Ty>>>>>>>>' being compiled
          with
          [
              _Kty=uint64_t,
              _Ty=IOrder *
          ]
  c:\program files (x86)\microsoft visual studio\2017\community\vc\tools\msvc\14.13.26128\include\type_traits(2382): note: 'std::hash<_Kty>::hash(const std::hash<_Kty> &)': function was implicitly deleted because a base class invokes a deleted or inaccessible function 'std::_Conditionally_enabled_hash<_Kty,false>::_Conditionally_enabled_hash(const std::_Conditionally_enabled_hash<_Kty,false> &)'
          with
          [
              _Kty=std::pair<uint64_t,uint64_t>
          ]
  c:\program files (x86)\microsoft visual studio\2017\community\vc\tools\msvc\14.13.26128\include\type_traits(2366): note: 'std::_Conditionally_enabled_hash<_Kty,false>::_Conditionally_enabled_hash(const std::_Conditionally_enabled_hash<_Kty,false> &)': function was explicitly deleted
          with
          [
              _Kty=std::pair<uint64_t,uint64_t>
          ]
  ExchangeContext.cpp
c:\program files (x86)\microsoft visual studio\2017\community\vc\tools\msvc\14.13.26128\include\unordered_map(132): error C2280: 'std::hash<_Kty>::hash(const std::hash<_Kty> &)': attempting to reference a deleted function
          with
          [
              _Kty=std::pair<uint64_t,uint64_t>
          ]
  c:\program files (x86)\microsoft visual studio\2017\community\vc\tools\msvc\14.13.26128\include\type_traits(2382): note: compiler has generated 'std::hash<_Kty>::hash' here
          with
          [
              _Kty=std::pair<uint64_t,uint64_t>
          ]
  c:\program files (x86)\microsoft visual studio\2017\community\vc\tools\msvc\14.13.26128\include\unordered_map(131): note: while compiling class template member function 'std::unordered_map<std::pair<uint64_t,uint64_t>,std::pair<std::shared_ptr<OrderSummary>,std::shared_ptr<std::map<uint64_t,IOrder *,std::less<_Kty>,std::allocator<std::pair<const _Kty,_Ty>>>>>,std::hash<std::pair<uint64_t,uint64_t>>,std::equal_to<std::pair<uint64_t,uint64_t>>,std::allocator<std::pair<const std::pair<uint64_t,uint64_t>,std::pair<std::shared_ptr<OrderSummary>,std::shared_ptr<std::map<_Kty,_Ty,std::less<_Kty>,std::allocator<std::pair<const _Kty,_Ty>>>>>>>>::unordered_map(void)'
          with
          [
              _Kty=uint64_t,
              _Ty=IOrder *
          ]
  c:\users\anshu\documents\github\project\marketdataanalysis\marketdataanalysis\exchangecontext.h(52): note: see reference to function template instantiation 'std::unordered_map<std::pair<uint64_t,uint64_t>,std::pair<std::shared_ptr<OrderSummary>,std::shared_ptr<std::map<uint64_t,IOrder *,std::less<_Kty>,std::allocator<std::pair<const _Kty,_Ty>>>>>,std::hash<std::pair<uint64_t,uint64_t>>,std::equal_to<std::pair<uint64_t,uint64_t>>,std::allocator<std::pair<const std::pair<uint64_t,uint64_t>,std::pair<std::shared_ptr<OrderSummary>,std::shared_ptr<std::map<_Kty,_Ty,std::less<_Kty>,std::allocator<std::pair<const _Kty,_Ty>>>>>>>>::unordered_map(void)' being compiled
          with
          [
              _Kty=uint64_t,
              _Ty=IOrder *
          ]
  c:\users\anshu\documents\github\project\marketdataanalysis\marketdataanalysis\exchangecontext.h(24): note: see reference to class template instantiation 'std::unordered_map<std::pair<uint64_t,uint64_t>,std::pair<std::shared_ptr<OrderSummary>,std::shared_ptr<std::map<uint64_t,IOrder *,std::less<_Kty>,std::allocator<std::pair<const _Kty,_Ty>>>>>,std::hash<std::pair<uint64_t,uint64_t>>,std::equal_to<std::pair<uint64_t,uint64_t>>,std::allocator<std::pair<const std::pair<uint64_t,uint64_t>,std::pair<std::shared_ptr<OrderSummary>,std::shared_ptr<std::map<_Kty,_Ty,std::less<_Kty>,std::allocator<std::pair<const _Kty,_Ty>>>>>>>>' being compiled
          with
          [
              _Kty=uint64_t,
              _Ty=IOrder *
          ]
  c:\program files (x86)\microsoft visual studio\2017\community\vc\tools\msvc\14.13.26128\include\type_traits(2382): note: 'std::hash<_Kty>::hash(const std::hash<_Kty> &)': function was implicitly deleted because a base class invokes a deleted or inaccessible function 'std::_Conditionally_enabled_hash<_Kty,false>::_Conditionally_enabled_hash(const std::_Conditionally_enabled_hash<_Kty,false> &)'
          with
          [
              _Kty=std::pair<uint64_t,uint64_t>
          ]
  c:\program files (x86)\microsoft visual studio\2017\community\vc\tools\msvc\14.13.26128\include\type_traits(2366): note: 'std::_Conditionally_enabled_hash<_Kty,false>::_Conditionally_enabled_hash(const std::_Conditionally_enabled_hash<_Kty,false> &)': function was explicitly deleted
          with
          [
              _Kty=std::pair<uint64_t,uint64_t>
          ]
  Generating Code...
